2024-03-27 10:12:10.256 [info] Added views:workbench.panel.markers.view in workbench.panel.markers
2024-03-27 10:12:10.256 [info] Added views:workbench.panel.output in workbench.panel.output
2024-03-27 10:12:10.256 [info] Added views:terminal in terminal
2024-03-27 10:12:10.256 [info] Added views:outline in workbench.view.explorer
2024-03-27 10:12:10.256 [info] Added views:workbench.scm in workbench.view.scm
2024-03-27 10:12:10.256 [info] Added views:workbench.view.search in workbench.view.search
2024-03-27 10:12:10.256 [info] Added views:timeline in workbench.view.explorer
2024-03-27 10:12:10.256 [info] Added views:workbench.explorer.emptyView in workbench.view.explorer
2024-03-27 10:12:10.449 [info] Added views:workbench.debug.variablesView,workbench.debug.watchExpressionsView,workbench.debug.callStackView,workbench.debug.breakPointsView in workbench.view.debug
2024-03-27 10:12:13.257 [info] Added views:dockerContainers,dockerImages,dockerRegistries,dockerNetworks,dockerVolumes,vscode-docker.views.dockerContexts,vscode-docker.views.help in workbench.view.extension.dockerView
2024-03-27 10:12:13.307 [info] Added views:~remote.forwardedPorts in ~remote.forwardedPortsContainer
2024-03-27 10:12:13.544 [info] Added views:workbench.panel.repl.view in workbench.panel.repl
2024-03-27 10:12:13.548 [info] Removed views:workbench.debug.breakPointsView,workbench.debug.callStackView,workbench.debug.watchExpressionsView,workbench.debug.variablesView from workbench.view.debug
2024-03-27 10:12:13.552 [info] Added views:workbench.debug.welcome in workbench.view.debug
2024-03-27 10:12:27.187 [info] Added views:workbench.panel.markers.view in workbench.panel.markers
2024-03-27 10:12:27.187 [info] Added views:workbench.panel.output in workbench.panel.output
2024-03-27 10:12:27.187 [info] Added views:terminal in terminal
2024-03-27 10:12:27.187 [info] Added views:outline in workbench.view.explorer
2024-03-27 10:12:27.187 [info] Added views:workbench.scm in workbench.view.scm
2024-03-27 10:12:27.187 [info] Added views:workbench.view.search in workbench.view.search
2024-03-27 10:12:27.187 [info] Added views:timeline in workbench.view.explorer
2024-03-27 10:12:27.187 [info] Added views:workbench.explorer.fileView in workbench.view.explorer
2024-03-27 10:12:27.699 [info] Added views:dockerContainers,dockerImages,dockerRegistries,dockerNetworks,dockerVolumes,vscode-docker.views.dockerContexts,vscode-docker.views.help in workbench.view.extension.dockerView
2024-03-27 10:12:27.942 [info] Added views:workbench.debug.variablesView,workbench.debug.watchExpressionsView,workbench.debug.callStackView,workbench.debug.breakPointsView in workbench.view.debug
2024-03-27 10:12:27.982 [info] Added views:workbench.panel.repl.view in workbench.panel.repl
2024-03-27 10:12:27.982 [info] Removed views:workbench.debug.breakPointsView,workbench.debug.callStackView,workbench.debug.watchExpressionsView,workbench.debug.variablesView from workbench.view.debug
2024-03-27 10:12:27.982 [info] Added views:workbench.debug.welcome in workbench.view.debug
2024-03-27 10:12:28.255 [info] Added views:~remote.forwardedPorts in ~remote.forwardedPortsContainer
